#
# There is insufficient memory for the Java Runtime Environment to continue.
# Native memory allocation (malloc) failed to allocate 1410576 bytes for Chunk::new
# Possible reasons:
#   The system is out of physical RAM or swap space
#   The process is running with CompressedOops enabled, and the Java Heap may be blocking the growth of the native heap
# Possible solutions:
#   Reduce memory load on the system
#   Increase physical memory or swap space
#   Check if swap backing store is full
#   Decrease Java heap size (-Xmx/-Xms)
#   Decrease number of Java threads
#   Decrease Java thread stack sizes (-Xss)
#   Set larger code cache with -XX:ReservedCodeCacheSize=
#   JVM is running with Unscaled Compressed Oops mode in which the Java heap is
#     placed in the first 4GB address space. The Java Heap base address is the
#     maximum limit for the native heap growth. Please use -XX:HeapBaseMinAddress
#     to set the Java Heap base and to place the Java Heap above 4GB virtual address.
# This output file may be truncated or incomplete.
#
#  Out of Memory Error (allocation.cpp:389), pid=11268, tid=0x0000000000000664
#
# JRE version: Java(TM) SE Runtime Environment (8.0_251-b08) (build 1.8.0_251-b08)
# Java VM: Java HotSpot(TM) 64-Bit Server VM (25.251-b08 mixed mode windows-amd64 compressed oops)
# Failed to write core dump. Minidumps are not enabled by default on client versions of Windows
#

---------------  T H R E A D  ---------------

Current thread (0x000000001593c000):  JavaThread "C2 CompilerThread1" daemon [_thread_in_native, id=1636, stack(0x0000000017440000,0x0000000017540000)]

Stack: [0x0000000017440000,0x0000000017540000]
[error occurred during error reporting (printing stack bounds), id 0xc0000005]

Native frames: (J=compiled Java code, j=interpreted, Vv=VM code, C=native code)


Current CompileTask:
C2:  36247 7065   !   4       org.springframework.util.ReflectionUtils::doWithMethods (176 bytes)


---------------  P R O C E S S  ---------------

Java Threads: ( => current thread )
  0x00000000188cf800 JavaThread "HikariPool-1 housekeeper" daemon [_thread_blocked, id=14160, stack(0x000000001dd40000,0x000000001de40000)]
  0x00000000188ce000 JavaThread "mysql-cj-abandoned-connection-cleanup" daemon [_thread_blocked, id=12584, stack(0x0000000019150000,0x0000000019250000)]
  0x000000001704d000 JavaThread "Service Thread" daemon [_thread_blocked, id=5008, stack(0x0000000017640000,0x0000000017740000)]
  0x0000000017048800 JavaThread "C1 CompilerThread2" daemon [_thread_blocked, id=14072, stack(0x0000000017540000,0x0000000017640000)]
=>0x000000001593c000 JavaThread "C2 CompilerThread1" daemon [_thread_in_native, id=1636, stack(0x0000000017440000,0x0000000017540000)]
  0x00000000158e7800 JavaThread "C2 CompilerThread0" daemon [_thread_in_native, id=13276, stack(0x0000000016f40000,0x0000000017040000)]
  0x00000000158e4000 JavaThread "Attach Listener" daemon [_thread_blocked, id=11556, stack(0x0000000016e40000,0x0000000016f40000)]
  0x00000000158e2800 JavaThread "Signal Dispatcher" daemon [_thread_blocked, id=13908, stack(0x0000000016d40000,0x0000000016e40000)]
  0x00000000158ca800 JavaThread "Finalizer" daemon [_thread_blocked, id=13812, stack(0x0000000016b40000,0x0000000016c40000)]
  0x00000000158a9000 JavaThread "Reference Handler" daemon [_thread_blocked, id=10044, stack(0x0000000016a40000,0x0000000016b40000)]
  0x0000000003204800 JavaThread "main" [_thread_in_vm, id=11644, stack(0x0000000003100000,0x0000000003200000)]

Other Threads:
  0x00000000158a8000 VMThread [stack: 0x0000000016940000,0x0000000016a40000] [id=11388]
  0x0000000017066800 WatcherThread [stack: 0x0000000017740000,0x0000000017840000] [id=13004]

VM state:not at safepoint (normal execution)

VM Mutex/Monitor currently owned by a thread:  ([mutex/lock_event])
[0x00000000032045e0] Compile_lock - owner thread: 0x0000000017048800

heap address: 0x00000000c1a00000, size: 998 MB, Compressed Oops mode: 32-bit
Narrow klass base: 0x0000000000000000, Narrow klass shift: 3
Compressed class space size: 1073741824 Address: 0x0000000100000000

Heap:
 PSYoungGen      total 156672K, used 43018K [0x00000000eb380000, 0x00000000f5800000, 0x0000000100000000)
  eden space 144896K, 24% used [0x00000000eb380000,0x00000000ed66ef10,0x00000000f4100000)
  from space 11776K, 61% used [0x00000000f4c80000,0x00000000f5393c98,0x00000000f5800000)
  to   space 11776K, 0% used [0x00000000f4100000,0x00000000f4100000,0x00000000f4c80000)
 ParOldGen       total 58368K, used 32587K [0x00000000c1a00000, 0x00000000c5300000, 0x00000000eb380000)
  object space 58368K, 55% used [0x00000000c1a00000,0x00000000c39d2d28,0x00000000c5300000)
 Metaspace       used 56367K, capacity 58840K, committed 59096K, reserved 1099776K
  class space    used 7649K, capacity 8083K, committed 8192K, reserved 1048576K

Card table byte_map: [0x00000000126c0000,0x00000000128c0000] byte_map_base: 0x00000000120b3000

Marking Bits: (ParMarkBitMap*) 0x000000006842af90
 Begin Bits: [0x0000000012e10000, 0x0000000013da8000)
 End Bits:   [0x0000000013da8000, 0x0000000014d40000)

Polling page: 0x0000000000ff0000

CodeCache: size=245760Kb used=22228Kb max_used=22228Kb free=223531Kb
 bounds [0x0000000003300000, 0x00000000048d0000, 0x0000000012300000]
 total_blobs=6958 nmethods=6437 adapters=431
 compilation: enabled

Compilation events (10 events):
Event: 36.127 Thread 0x0000000017048800 7215       1       org.springframework.core.convert.TypeDescriptor::getResolvableType (5 bytes)
Event: 36.128 Thread 0x0000000017048800 nmethod 7215 0x000000000489fd10 code [0x000000000489fe60, 0x000000000489ff70]
Event: 36.128 Thread 0x0000000017048800 7217  s    1       org.springframework.beans.factory.config.ConstructorArgumentValues$ValueHolder::isConverted (5 bytes)
Event: 36.128 Thread 0x0000000017048800 nmethod 7217 0x00000000048b0f50 code [0x00000000048b10a0, 0x00000000048b1310]
Event: 36.128 Thread 0x0000000017048800 7218       3       java.util.Collections$2::estimateSize (5 bytes)
Event: 36.128 Thread 0x0000000017048800 nmethod 7218 0x00000000048b2110 code [0x00000000048b2260, 0x00000000048b23b0]
Event: 36.172 Thread 0x0000000017048800 7219   !   3       com.sun.proxy.$Proxy47::annotationType (29 bytes)
Event: 36.172 Thread 0x0000000017048800 nmethod 7219 0x00000000048b9a10 code [0x00000000048b9ba0, 0x00000000048b9fd8]
Event: 36.172 Thread 0x0000000017048800 7220   !   3       com.sun.proxy.$Proxy47::hashCode (32 bytes)
Event: 36.173 Thread 0x0000000017048800 nmethod 7220 0x00000000048b9150 code [0x00000000048b92e0, 0x00000000048b97b8]

GC Heap History (10 events):
Event: 21.405 GC heap before
{Heap before GC invocations=10 (full 1):
 PSYoungGen      total 114176K, used 114161K [0x00000000eb380000, 0x00000000f2d80000, 0x0000000100000000)
  eden space 106496K, 100% used [0x00000000eb380000,0x00000000f1b80000,0x00000000f1b80000)
  from space 7680K, 99% used [0x00000000f2500000,0x00000000f2c7c778,0x00000000f2c80000)
  to   space 9216K, 0% used [0x00000000f1b80000,0x00000000f1b80000,0x00000000f2480000)
 ParOldGen       total 32768K, used 8005K [0x00000000c1a00000, 0x00000000c3a00000, 0x00000000eb380000)
  object space 32768K, 24% used [0x00000000c1a00000,0x00000000c21d1550,0x00000000c3a00000)
 Metaspace       used 31831K, capacity 33398K, committed 33536K, reserved 1079296K
  class space    used 4210K, capacity 4498K, committed 4608K, reserved 1048576K
Event: 21.444 GC heap after
Heap after GC invocations=10 (full 1):
 PSYoungGen      total 115712K, used 9184K [0x00000000eb380000, 0x00000000f5880000, 0x0000000100000000)
  eden space 106496K, 0% used [0x00000000eb380000,0x00000000eb380000,0x00000000f1b80000)
  from space 9216K, 99% used [0x00000000f1b80000,0x00000000f2478010,0x00000000f2480000)
  to   space 12288K, 0% used [0x00000000f4c80000,0x00000000f4c80000,0x00000000f5880000)
 ParOldGen       total 32768K, used 12629K [0x00000000c1a00000, 0x00000000c3a00000, 0x00000000eb380000)
  object space 32768K, 38% used [0x00000000c1a00000,0x00000000c26556f8,0x00000000c3a00000)
 Metaspace       used 31831K, capacity 33398K, committed 33536K, reserved 1079296K
  class space    used 4210K, capacity 4498K, committed 4608K, reserved 1048576K
}
Event: 22.964 GC heap before
{Heap before GC invocations=11 (full 1):
 PSYoungGen      total 115712K, used 63032K [0x00000000eb380000, 0x00000000f5880000, 0x0000000100000000)
  eden space 106496K, 50% used [0x00000000eb380000,0x00000000ee816260,0x00000000f1b80000)
  from space 9216K, 99% used [0x00000000f1b80000,0x00000000f2478010,0x00000000f2480000)
  to   space 12288K, 0% used [0x00000000f4c80000,0x00000000f4c80000,0x00000000f5880000)
 ParOldGen       total 32768K, used 12629K [0x00000000c1a00000, 0x00000000c3a00000, 0x00000000eb380000)
  object space 32768K, 38% used [0x00000000c1a00000,0x00000000c26556f8,0x00000000c3a00000)
 Metaspace       used 33817K, capacity 35390K, committed 35456K, reserved 1079296K
  class space    used 4412K, capacity 4728K, committed 4736K, reserved 1048576K
Event: 22.989 GC heap after
Heap after GC invocations=11 (full 1):
 PSYoungGen      total 156672K, used 6847K [0x00000000eb380000, 0x00000000f5800000, 0x0000000100000000)
  eden space 144896K, 0% used [0x00000000eb380000,0x00000000eb380000,0x00000000f4100000)
  from space 11776K, 58% used [0x00000000f4c80000,0x00000000f532fda0,0x00000000f5800000)
  to   space 11776K, 0% used [0x00000000f4100000,0x00000000f4100000,0x00000000f4c80000)
 ParOldGen       total 32768K, used 17641K [0x00000000c1a00000, 0x00000000c3a00000, 0x00000000eb380000)
  object space 32768K, 53% used [0x00000000c1a00000,0x00000000c2b3a738,0x00000000c3a00000)
 Metaspace       used 33817K, capacity 35390K, committed 35456K, reserved 1079296K
  class space    used 4412K, capacity 4728K, committed 4736K, reserved 1048576K
}
Event: 22.989 GC heap before
{Heap before GC invocations=12 (full 2):
 PSYoungGen      total 156672K, used 6847K [0x00000000eb380000, 0x00000000f5800000, 0x0000000100000000)
  eden space 144896K, 0% used [0x00000000eb380000,0x00000000eb380000,0x00000000f4100000)
  from space 11776K, 58% used [0x00000000f4c80000,0x00000000f532fda0,0x00000000f5800000)
  to   space 11776K, 0% used [0x00000000f4100000,0x00000000f4100000,0x00000000f4c80000)
 ParOldGen       total 32768K, used 17641K [0x00000000c1a00000, 0x00000000c3a00000, 0x00000000eb380000)
  object space 32768K, 53% used [0x00000000c1a00000,0x00000000c2b3a738,0x00000000c3a00000)
 Metaspace       used 33817K, capacity 35390K, committed 35456K, reserved 1079296K
  class space    used 4412K, capacity 4728K, committed 4736K, reserved 1048576K
Event: 23.209 GC heap after
Heap after GC invocations=12 (full 2):
 PSYoungGen      total 156672K, used 0K [0x00000000eb380000, 0x00000000f5800000, 0x0000000100000000)
  eden space 144896K, 0% used [0x00000000eb380000,0x00000000eb380000,0x00000000f4100000)
  from space 11776K, 0% used [0x00000000f4c80000,0x00000000f4c80000,0x00000000f5800000)
  to   space 11776K, 0% used [0x00000000f4100000,0x00000000f4100000,0x00000000f4c80000)
 ParOldGen       total 58368K, used 20527K [0x00000000c1a00000, 0x00000000c5300000, 0x00000000eb380000)
  object space 58368K, 35% used [0x00000000c1a00000,0x00000000c2e0bcd8,0x00000000c5300000)
 Metaspace       used 33817K, capacity 35390K, committed 35456K, reserved 1079296K
  class space    used 4412K, capacity 4728K, committed 4736K, reserved 1048576K
}
Event: 28.446 GC heap before
{Heap before GC invocations=13 (full 2):
 PSYoungGen      total 156672K, used 144896K [0x00000000eb380000, 0x00000000f5800000, 0x0000000100000000)
  eden space 144896K, 100% used [0x00000000eb380000,0x00000000f4100000,0x00000000f4100000)
  from space 11776K, 0% used [0x00000000f4c80000,0x00000000f4c80000,0x00000000f5800000)
  to   space 11776K, 0% used [0x00000000f4100000,0x00000000f4100000,0x00000000f4c80000)
 ParOldGen       total 58368K, used 20527K [0x00000000c1a00000, 0x00000000c5300000, 0x00000000eb380000)
  object space 58368K, 35% used [0x00000000c1a00000,0x00000000c2e0bcd8,0x00000000c5300000)
 Metaspace       used 46927K, capacity 48744K, committed 49152K, reserved 1091584K
  class space    used 6305K, capacity 6651K, committed 6656K, reserved 1048576K
Event: 28.527 GC heap after
Heap after GC invocations=13 (full 2):
 PSYoungGen      total 156672K, used 11751K [0x00000000eb380000, 0x00000000f5800000, 0x0000000100000000)
  eden space 144896K, 0% used [0x00000000eb380000,0x00000000eb380000,0x00000000f4100000)
  from space 11776K, 99% used [0x00000000f4100000,0x00000000f4c79da0,0x00000000f4c80000)
  to   space 11776K, 0% used [0x00000000f4c80000,0x00000000f4c80000,0x00000000f5800000)
 ParOldGen       total 58368K, used 25999K [0x00000000c1a00000, 0x00000000c5300000, 0x00000000eb380000)
  object space 58368K, 44% used [0x00000000c1a00000,0x00000000c3363fc0,0x00000000c5300000)
 Metaspace       used 46927K, capacity 48744K, committed 49152K, reserved 1091584K
  class space    used 6305K, capacity 6651K, committed 6656K, reserved 1048576K
}
Event: 33.258 GC heap before
{Heap before GC invocations=14 (full 2):
 PSYoungGen      total 156672K, used 156647K [0x00000000eb380000, 0x00000000f5800000, 0x0000000100000000)
  eden space 144896K, 100% used [0x00000000eb380000,0x00000000f4100000,0x00000000f4100000)
  from space 11776K, 99% used [0x00000000f4100000,0x00000000f4c79da0,0x00000000f4c80000)
  to   space 11776K, 0% used [0x00000000f4c80000,0x00000000f4c80000,0x00000000f5800000)
 ParOldGen       total 58368K, used 25999K [0x00000000c1a00000, 0x00000000c5300000, 0x00000000eb380000)
  object space 58368K, 44% used [0x00000000c1a00000,0x00000000c3363fc0,0x00000000c5300000)
 Metaspace       used 52503K, capacity 54426K, committed 54656K, reserved 1095680K
  class space    used 7113K, capacity 7486K, committed 7552K, reserved 1048576K
Event: 33.283 GC heap after
Heap after GC invocations=14 (full 2):
 PSYoungGen      total 156672K, used 7247K [0x00000000eb380000, 0x00000000f5800000, 0x0000000100000000)
  eden space 144896K, 0% used [0x00000000eb380000,0x00000000eb380000,0x00000000f4100000)
  from space 11776K, 61% used [0x00000000f4c80000,0x00000000f5393c98,0x00000000f5800000)
  to   space 11776K, 0% used [0x00000000f4100000,0x00000000f4100000,0x00000000f4c80000)
 ParOldGen       total 58368K, used 32587K [0x00000000c1a00000, 0x00000000c5300000, 0x00000000eb380000)
  object space 58368K, 55% used [0x00000000c1a00000,0x00000000c39d2d28,0x00000000c5300000)
 Metaspace       used 52503K, capacity 54426K, committed 54656K, reserved 1095680K
  class space    used 7113K, capacity 7486K, committed 7552K, reserved 1048576K
}

Deoptimization events (10 events):
Event: 36.009 Thread 0x0000000003204800 Uncommon trap: reason=class_check action=maybe_recompile pc=0x000000000402961c method=org.springframework.beans.factory.support.AbstractBeanFactory.isTypeMatch(Ljava/lang/String;Lorg/springframework/core/ResolvableType;)Z @ 47
Event: 36.062 Thread 0x0000000003204800 Uncommon trap: reason=unstable_if action=reinterpret pc=0x0000000003a06784 method=org.springframework.asm.Frame.merge(Lorg/springframework/asm/SymbolTable;I[II)Z @ 87
Event: 36.064 Thread 0x0000000003204800 Uncommon trap: reason=unstable_if action=reinterpret pc=0x0000000003f4f7ac method=org.springframework.asm.Frame.merge(Lorg/springframework/asm/SymbolTable;I[II)Z @ 87
Event: 36.089 Thread 0x0000000003204800 Uncommon trap: reason=unstable_if action=reinterpret pc=0x00000000035b2110 method=java.lang.Class.arrayContentsEq([Ljava/lang/Object;[Ljava/lang/Object;)Z @ 1
Event: 36.093 Thread 0x0000000003204800 Uncommon trap: reason=unstable_if action=reinterpret pc=0x000000000354b96c method=org.springframework.aop.framework.autoproxy.AbstractAutoProxyCreator.predictBeanType(Ljava/lang/Class;Ljava/lang/String;)Ljava/lang/Class; @ 9
Event: 36.094 Thread 0x0000000003204800 Uncommon trap: reason=unstable_if action=reinterpret pc=0x00000000040060bc method=org.springframework.beans.factory.support.AbstractAutowireCapableBeanFactory.predictBeanType(Ljava/lang/String;Lorg/springframework/beans/factory/support/RootBeanDefinition;
Event: 36.094 Thread 0x0000000003204800 Uncommon trap: reason=class_check action=maybe_recompile pc=0x000000000402961c method=org.springframework.beans.factory.support.AbstractBeanFactory.isTypeMatch(Ljava/lang/String;Lorg/springframework/core/ResolvableType;)Z @ 47
Event: 36.095 Thread 0x0000000003204800 Uncommon trap: reason=class_check action=maybe_recompile pc=0x000000000402961c method=org.springframework.beans.factory.support.AbstractBeanFactory.isTypeMatch(Ljava/lang/String;Lorg/springframework/core/ResolvableType;)Z @ 47
Event: 36.100 Thread 0x0000000003204800 Uncommon trap: reason=bimorphic action=maybe_recompile pc=0x000000000411ae1c method=org.springframework.core.SerializableTypeWrapper.forTypeProvider(Lorg/springframework/core/SerializableTypeWrapper$TypeProvider;)Ljava/lang/reflect/Type; @ 1
Event: 36.106 Thread 0x0000000003204800 Uncommon trap: reason=bimorphic action=maybe_recompile pc=0x000000000411ae1c method=org.springframework.core.SerializableTypeWrapper.forTypeProvider(Lorg/springframework/core/SerializableTypeWrapper$TypeProvider;)Ljava/lang/reflect/Type; @ 1

Classes redefined (0 events):
No events

Internal exceptions (10 events):
Event: 35.958 Thread 0x0000000003204800 Exception <a 'java/lang/reflect/InvocationTargetException'> (0x00000000ecf55728) thrown at [C:\jenkins\workspace\8-2-build-windows-amd64-cygwin\jdk8u251\737\hotspot\src\share\vm\runtime\reflection.cpp, line 1092]
Event: 35.960 Thread 0x0000000003204800 Exception <a 'java/lang/reflect/InvocationTargetException'> (0x00000000ecf668a8) thrown at [C:\jenkins\workspace\8-2-build-windows-amd64-cygwin\jdk8u251\737\hotspot\src\share\vm\runtime\reflection.cpp, line 1092]
Event: 35.967 Thread 0x0000000003204800 Exception <a 'java/lang/reflect/InvocationTargetException'> (0x00000000ecf75c90) thrown at [C:\jenkins\workspace\8-2-build-windows-amd64-cygwin\jdk8u251\737\hotspot\src\share\vm\runtime\reflection.cpp, line 1092]
Event: 35.972 Thread 0x0000000003204800 Exception <a 'java/lang/reflect/InvocationTargetException'> (0x00000000ecf98d50) thrown at [C:\jenkins\workspace\8-2-build-windows-amd64-cygwin\jdk8u251\737\hotspot\src\share\vm\runtime\reflection.cpp, line 1092]
Event: 35.975 Thread 0x0000000003204800 Exception <a 'java/lang/reflect/InvocationTargetException'> (0x00000000ecfb0eb0) thrown at [C:\jenkins\workspace\8-2-build-windows-amd64-cygwin\jdk8u251\737\hotspot\src\share\vm\runtime\reflection.cpp, line 1092]
Event: 35.977 Thread 0x0000000003204800 Exception <a 'java/lang/reflect/InvocationTargetException'> (0x00000000ecfc23b8) thrown at [C:\jenkins\workspace\8-2-build-windows-amd64-cygwin\jdk8u251\737\hotspot\src\share\vm\runtime\reflection.cpp, line 1092]
Event: 35.986 Thread 0x0000000003204800 Exception <a 'java/lang/reflect/InvocationTargetException'> (0x00000000ecfd3978) thrown at [C:\jenkins\workspace\8-2-build-windows-amd64-cygwin\jdk8u251\737\hotspot\src\share\vm\runtime\reflection.cpp, line 1092]
Event: 35.988 Thread 0x0000000003204800 Exception <a 'java/lang/reflect/InvocationTargetException'> (0x00000000ecfe2b90) thrown at [C:\jenkins\workspace\8-2-build-windows-amd64-cygwin\jdk8u251\737\hotspot\src\share\vm\runtime\reflection.cpp, line 1092]
Event: 36.089 Thread 0x0000000003204800 Implicit null exception at 0x00000000035b208f to 0x00000000035b20fd
Event: 36.139 Thread 0x0000000003204800 Exception <a 'java/lang/reflect/InvocationTargetException'> (0x00000000ed41c6f8) thrown at [C:\jenkins\workspace\8-2-build-windows-amd64-cygwin\jdk8u251\737\hotspot\src\share\vm\runtime\reflection.cpp, line 1092]

Events (10 events):
Event: 36.094 Thread 0x0000000003204800 DEOPT UNPACKING pc=0x000000000334583b sp=0x00000000031fcb10 mode 2
Event: 36.095 Thread 0x0000000003204800 Uncommon trap: trap_request=0xffffffde fr.pc=0x000000000402961c
Event: 36.095 Thread 0x0000000003204800 DEOPT PACKING pc=0x000000000402961c sp=0x00000000031fcb50
Event: 36.095 Thread 0x0000000003204800 DEOPT UNPACKING pc=0x000000000334583b sp=0x00000000031fcb10 mode 2
Event: 36.100 Thread 0x0000000003204800 Uncommon trap: trap_request=0xffffffc6 fr.pc=0x000000000411ae1c
Event: 36.100 Thread 0x0000000003204800 DEOPT PACKING pc=0x000000000411ae1c sp=0x00000000031fcaa0
Event: 36.100 Thread 0x0000000003204800 DEOPT UNPACKING pc=0x000000000334583b sp=0x00000000031fca48 mode 2
Event: 36.106 Thread 0x0000000003204800 Uncommon trap: trap_request=0xffffffc6 fr.pc=0x000000000411ae1c
Event: 36.106 Thread 0x0000000003204800 DEOPT PACKING pc=0x000000000411ae1c sp=0x00000000031fcaa0
Event: 36.106 Thread 0x0000000003204800 DEOPT UNPACKING pc=0x000000000334583b sp=0x00000000031fca48 mode 2


Dynamic libraries:
0x00007ff631590000 - 0x00007ff6315c7000 	C:\Program Files\Java\jre1.8.0_251\bin\javaw.exe
0x00007ffb6fac0000 - 0x00007ffb6fcb0000 	C:\Windows\SYSTEM32\ntdll.dll
0x00007ffb6ee20000 - 0x00007ffb6eed2000 	C:\Windows\System32\KERNEL32.DLL
0x00007ffb6d4d0000 - 0x00007ffb6d775000 	C:\Windows\System32\KERNELBASE.dll
0x00007ffb6ec40000 - 0x00007ffb6ece3000 	C:\Windows\System32\ADVAPI32.dll
0x00007ffb6e8c0000 - 0x00007ffb6e95e000 	C:\Windows\System32\msvcrt.dll
0x00007ffb6e510000 - 0x00007ffb6e5a7000 	C:\Windows\System32\sechost.dll
0x00007ffb6efb0000 - 0x00007ffb6f0d0000 	C:\Windows\System32\RPCRT4.dll
0x00007ffb6e960000 - 0x00007ffb6eaf5000 	C:\Windows\System32\USER32.dll
0x00007ffb6ca50000 - 0x00007ffb6ca71000 	C:\Windows\System32\win32u.dll
0x00007ffb6deb0000 - 0x00007ffb6ded6000 	C:\Windows\System32\GDI32.dll
0x00007ffb6d980000 - 0x00007ffb6db16000 	C:\Windows\System32\gdi32full.dll
0x00007ffb6d880000 - 0x00007ffb6d91e000 	C:\Windows\System32\msvcp_win.dll
0x00007ffb6ca80000 - 0x00007ffb6cb7a000 	C:\Windows\System32\ucrtbase.dll
0x00007ffb60730000 - 0x00007ffb609b4000 	C:\Windows\WinSxS\amd64_microsoft.windows.common-controls_6595b64144ccf1df_6.0.18362.1082_none_9e8193e1e45b25c1\COMCTL32.dll
0x00007ffb6db70000 - 0x00007ffb6dea5000 	C:\Windows\System32\combase.dll
0x00007ffb6d300000 - 0x00007ffb6d380000 	C:\Windows\System32\bcryptPrimitives.dll
0x00007ffb6f0d0000 - 0x00007ffb6f0fe000 	C:\Windows\System32\IMM32.DLL
0x0000000067b20000 - 0x0000000067bf2000 	C:\Program Files\Java\jre1.8.0_251\bin\msvcr100.dll
0x0000000067c00000 - 0x00000000684ab000 	C:\Program Files\Java\jre1.8.0_251\bin\server\jvm.dll
0x00007ffb6f130000 - 0x00007ffb6f138000 	C:\Windows\System32\PSAPI.DLL
0x00007ffb60330000 - 0x00007ffb6033a000 	C:\Windows\SYSTEM32\VERSION.dll
0x00007ffb5b810000 - 0x00007ffb5b819000 	C:\Windows\SYSTEM32\WSOCK32.dll
0x00007ffb6eee0000 - 0x00007ffb6ef4f000 	C:\Windows\System32\WS2_32.dll
0x00007ffb6a470000 - 0x00007ffb6a494000 	C:\Windows\SYSTEM32\WINMM.dll
0x00007ffb6a440000 - 0x00007ffb6a46d000 	C:\Windows\SYSTEM32\winmmbase.dll
0x00007ffb6d780000 - 0x00007ffb6d7ca000 	C:\Windows\System32\cfgmgr32.dll
0x00007ffb5ef30000 - 0x00007ffb5ef3f000 	C:\Program Files\Java\jre1.8.0_251\bin\verify.dll
0x00007ffb4cee0000 - 0x00007ffb4cf09000 	C:\Program Files\Java\jre1.8.0_251\bin\java.dll
0x00007ffb4c880000 - 0x00007ffb4c896000 	C:\Program Files\Java\jre1.8.0_251\bin\zip.dll
0x00007ffb6f140000 - 0x00007ffb6f827000 	C:\Windows\System32\SHELL32.dll
0x00007ffb6ecf0000 - 0x00007ffb6ed99000 	C:\Windows\System32\shcore.dll
0x00007ffb6cb80000 - 0x00007ffb6d300000 	C:\Windows\System32\windows.storage.dll
0x00007ffb6ca20000 - 0x00007ffb6ca43000 	C:\Windows\System32\profapi.dll
0x00007ffb6c9d0000 - 0x00007ffb6ca1a000 	C:\Windows\System32\powrprof.dll
0x00007ffb6c980000 - 0x00007ffb6c990000 	C:\Windows\System32\UMPDC.dll
0x00007ffb6ef50000 - 0x00007ffb6efa2000 	C:\Windows\System32\shlwapi.dll
0x00007ffb6c990000 - 0x00007ffb6c9a1000 	C:\Windows\System32\kernel.appcore.dll
0x00007ffb6db50000 - 0x00007ffb6db67000 	C:\Windows\System32\cryptsp.dll
0x00007ffb60de0000 - 0x00007ffb60ded000 	C:\Program Files\Java\jre1.8.0_251\bin\management.dll
0x00007ffb4c720000 - 0x00007ffb4c73a000 	C:\Program Files\Java\jre1.8.0_251\bin\net.dll
0x00007ffb6c170000 - 0x00007ffb6c1d7000 	C:\Windows\system32\mswsock.dll
0x00007ffb59270000 - 0x00007ffb59286000 	C:\Windows\system32\napinsp.dll
0x00007ffb59250000 - 0x00007ffb5926a000 	C:\Windows\system32\pnrpnsp.dll
0x00007ffb6bec0000 - 0x00007ffb6bf8b000 	C:\Windows\SYSTEM32\DNSAPI.dll
0x00007ffb6e8b0000 - 0x00007ffb6e8b8000 	C:\Windows\System32\NSI.dll
0x00007ffb6be80000 - 0x00007ffb6beba000 	C:\Windows\SYSTEM32\IPHLPAPI.DLL
0x00007ffb59240000 - 0x00007ffb5924e000 	C:\Windows\System32\winrnr.dll
0x00007ffb69130000 - 0x00007ffb6914c000 	C:\Windows\system32\NLAapi.dll
0x00007ffb61790000 - 0x00007ffb617a5000 	C:\Windows\system32\wshbth.dll
0x00007ffb5cde0000 - 0x00007ffb5cdea000 	C:\Windows\System32\rasadhlp.dll
0x00007ffb5f590000 - 0x00007ffb5f607000 	C:\Windows\System32\fwpuclnt.dll
0x00007ffb6db20000 - 0x00007ffb6db46000 	C:\Windows\System32\bcrypt.dll
0x00007ffb4c700000 - 0x00007ffb4c712000 	C:\Program Files\Java\jre1.8.0_251\bin\nio.dll
0x00007ffb6bce0000 - 0x00007ffb6bd13000 	C:\Windows\system32\rsaenh.dll
0x00007ffb6c860000 - 0x00007ffb6c885000 	C:\Windows\SYSTEM32\USERENV.dll
0x00007ffb6c340000 - 0x00007ffb6c34c000 	C:\Windows\SYSTEM32\CRYPTBASE.dll
0x00007ffb5d710000 - 0x00007ffb5d726000 	C:\Windows\SYSTEM32\dhcpcsvc6.DLL
0x00007ffb5d510000 - 0x00007ffb5d52c000 	C:\Windows\SYSTEM32\dhcpcsvc.DLL

VM Arguments:
jvm_args: -Dfile.encoding=UTF-8 
java_command: com.api.ProjectCovApplication
java_class_path (initial): C:\Users\medco\git\project-cov-backend\target\classes;C:\Users\medco\.m2\repository\org\springframework\boot\spring-boot-starter-data-jpa\2.1.6.RELEASE\spring-boot-starter-data-jpa-2.1.6.RELEASE.jar;C:\Users\medco\.m2\repository\org\springframework\boot\spring-boot-starter-aop\2.1.6.RELEASE\spring-boot-starter-aop-2.1.6.RELEASE.jar;C:\Users\medco\.m2\repository\org\aspectj\aspectjweaver\1.9.4\aspectjweaver-1.9.4.jar;C:\Users\medco\.m2\repository\org\springframework\boot\spring-boot-starter-jdbc\2.1.6.RELEASE\spring-boot-starter-jdbc-2.1.6.RELEASE.jar;C:\Users\medco\.m2\repository\com\zaxxer\HikariCP\3.2.0\HikariCP-3.2.0.jar;C:\Users\medco\.m2\repository\org\springframework\spring-jdbc\5.1.8.RELEASE\spring-jdbc-5.1.8.RELEASE.jar;C:\Users\medco\.m2\repository\javax\transaction\javax.transaction-api\1.3\javax.transaction-api-1.3.jar;C:\Users\medco\.m2\repository\javax\xml\bind\jaxb-api\2.3.1\jaxb-api-2.3.1.jar;C:\Users\medco\.m2\repository\javax\activation\javax.activation-api\1.2.0\javax.activation-api-1.2.0.jar;C:\Users\medco\.m2\repository\org\hibernate\hibernate-core\5.3.10.Final\hibernate-core-5.3.10.Final.jar;C:\Users\medco\.m2\repository\org\javassist\javassist\3.23.2-GA\javassist-3.23.2-GA.jar;C:\Users\medco\.m2\repository\antlr\antlr\2.7.7\antlr-2.7.7.jar;C:\Users\medco\.m2\repository\org\jboss\jandex\2.0.5.Final\jandex-2.0.5.Final.jar;C:\Users\medco\.m2\repository\com\fasterxml\classmate\1.4.0\classmate-1.4.0.jar;C:\Users\medco\.m2\repository\org\springframework\data\spring-data-jpa\2.1.9.RELEASE\spring-data-jpa-2.1.9.RELEASE.jar;C:\Users\medco\.m2\repository\org\springframework\data\spring-data-commons\2.1.9.RELEASE\spring-data-commons-2.1.9.RELEASE.jar;C:\Users\medco\.m2\repository\org\springframework\spring-orm\5.1.8.RELEASE\spring-orm-5.1.8.RELEASE.jar;C:\Users\medco\.m2\repository\org\springframework\spring-context\5.1.8.RELEASE\spring-context-5.1.8.RELEASE.jar;C:\Users\medco\.m2\repository\org\springframework\spring-tx\5.1.8
Launcher Type: SUN_STANDARD

Environment Variables:
JAVA_HOME=C:\Program Files\Java\jdk1.8.0_251
PATH=C:/Program Files/Java/jre1.8.0_251/bin/server;C:/Program Files/Java/jre1.8.0_251/bin;C:/Program Files/Java/jre1.8.0_251/lib/amd64;C:\Program Files (x86)\Common Files\Oracle\Java\javapath;C:\Windows\system32;C:\Windows;C:\Windows\System32\Wbem;C:\Windows\System32\WindowsPowerShell\v1.0\;C:\Windows\System32\OpenSSH\;C:\Program Files (x86)\Java\jre6;C:\Program Files\apache-maven-3.6.3-bin\apache-maven-3.6.3\bin;C:\Program Files\Git\cmd;C:\flutter\flutter\bin;C:\Program Files\nodejs\;C:\Users\medco\AppData\Local\Microsoft\WindowsApps;C:\Users\medco\AppData\Local\Programs\Microsoft VS Code\bin;C:\Program Files\MySQL\MySQL Server 5.6\bin;C:\flutter\bin;C:\flutter\flutter\bin;C:\Users\medco\AppData\Roaming\npm;C:\Windows\System32;
USERNAME=medco
OS=Windows_NT
PROCESSOR_IDENTIFIER=Intel64 Family 6 Model 61 Stepping 4, GenuineIntel



---------------  S Y S T E M  ---------------

OS: Windows 10.0 , 64 bit Build 18362 (10.0.18362.1082)

CPU:total 4 (initial active 4) (2 cores per cpu, 2 threads per core) family 6 model 61 stepping 4, cmov, cx8, fxsr, mmx, sse, sse2, sse3, ssse3, sse4.1, sse4.2, popcnt, avx, avx2, aes, clmul, erms, rtm, 3dnowpref, lzcnt, ht, tsc, tscinvbit, bmi1, bmi2, adx

Memory: 4k page, physical 4080064k(223116k free), swap 16662976k(3752k free)

vm_info: Java HotSpot(TM) 64-Bit Server VM (25.251-b08) for windows-amd64 JRE (1.8.0_251-b08), built on Mar 12 2020 06:31:49 by "" with MS VC++ 10.0 (VS2010)

time: Thu Sep 24 12:03:45 2020
timezone: E. Africa Standard Time
elapsed time: 36 seconds (0d 0h 0m 36s)

