#
# There is insufficient memory for the Java Runtime Environment to continue.
# Native memory allocation (malloc) failed to allocate 1215696 bytes for Chunk::new
# Possible reasons:
#   The system is out of physical RAM or swap space
#   The process is running with CompressedOops enabled, and the Java Heap may be blocking the growth of the native heap
# Possible solutions:
#   Reduce memory load on the system
#   Increase physical memory or swap space
#   Check if swap backing store is full
#   Decrease Java heap size (-Xmx/-Xms)
#   Decrease number of Java threads
#   Decrease Java thread stack sizes (-Xss)
#   Set larger code cache with -XX:ReservedCodeCacheSize=
#   JVM is running with Unscaled Compressed Oops mode in which the Java heap is
#     placed in the first 4GB address space. The Java Heap base address is the
#     maximum limit for the native heap growth. Please use -XX:HeapBaseMinAddress
#     to set the Java Heap base and to place the Java Heap above 4GB virtual address.
# This output file may be truncated or incomplete.
#
#  Out of Memory Error (allocation.cpp:389), pid=8612, tid=0x0000000000000868
#
# JRE version: Java(TM) SE Runtime Environment (8.0_251-b08) (build 1.8.0_251-b08)
# Java VM: Java HotSpot(TM) 64-Bit Server VM (25.251-b08 mixed mode windows-amd64 compressed oops)
# Failed to write core dump. Minidumps are not enabled by default on client versions of Windows
#

---------------  T H R E A D  ---------------

Current thread (0x0000000014db6800):  JavaThread "C2 CompilerThread0" daemon [_thread_in_native, id=2152, stack(0x0000000016500000,0x0000000016600000)]

Stack: [0x0000000016500000,0x0000000016600000]
[error occurred during error reporting (printing stack bounds), id 0xc0000005]

Native frames: (J=compiled Java code, j=interpreted, Vv=VM code, C=native code)


Current CompileTask:
C2:  34091 5635       4       org.springframework.transaction.interceptor.TransactionAttributeSourcePointcut::matches (55 bytes)


---------------  P R O C E S S  ---------------

Java Threads: ( => current thread )
  0x000000001c0a8000 JavaThread "container-0" [_thread_blocked, id=13880, stack(0x000000001f780000,0x000000001f880000)]
  0x000000001a2f2800 JavaThread "Catalina-utility-2" [_thread_blocked, id=3668, stack(0x000000001f680000,0x000000001f780000)]
  0x000000001aef4800 JavaThread "Catalina-utility-1" [_thread_blocked, id=13268, stack(0x000000001e780000,0x000000001e880000)]
  0x000000001c421000 JavaThread "HikariPool-1 housekeeper" daemon [_thread_blocked, id=7208, stack(0x000000001e680000,0x000000001e780000)]
  0x00000000179d4800 JavaThread "mysql-cj-abandoned-connection-cleanup" daemon [_thread_blocked, id=13188, stack(0x0000000018710000,0x0000000018810000)]
  0x0000000016611800 JavaThread "Service Thread" daemon [_thread_blocked, id=9636, stack(0x0000000016c00000,0x0000000016d00000)]
  0x000000001660d000 JavaThread "C1 CompilerThread2" daemon [_thread_blocked, id=780, stack(0x0000000016b00000,0x0000000016c00000)]
  0x0000000016601800 JavaThread "C2 CompilerThread1" daemon [_thread_in_native, id=7480, stack(0x0000000016a00000,0x0000000016b00000)]
=>0x0000000014db6800 JavaThread "C2 CompilerThread0" daemon [_thread_in_native, id=2152, stack(0x0000000016500000,0x0000000016600000)]
  0x0000000014db3000 JavaThread "Attach Listener" daemon [_thread_blocked, id=14680, stack(0x0000000016400000,0x0000000016500000)]
  0x0000000014db1800 JavaThread "Signal Dispatcher" daemon [_thread_blocked, id=14872, stack(0x0000000016300000,0x0000000016400000)]
  0x0000000014d9b800 JavaThread "Finalizer" daemon [_thread_blocked, id=11864, stack(0x0000000016000000,0x0000000016100000)]
  0x0000000002704000 JavaThread "Reference Handler" daemon [_thread_blocked, id=9400, stack(0x0000000015f00000,0x0000000016000000)]
  0x0000000002614800 JavaThread "main" [_thread_in_vm, id=5904, stack(0x0000000000d20000,0x0000000000e20000)]

Other Threads:
  0x0000000014d78000 VMThread [stack: 0x0000000015e00000,0x0000000015f00000] [id=14700]
  0x0000000016633000 WatcherThread [stack: 0x0000000016d00000,0x0000000016e00000] [id=8440]

VM state:not at safepoint (normal execution)

VM Mutex/Monitor currently owned by a thread: None

heap address: 0x00000000c1a00000, size: 998 MB, Compressed Oops mode: 32-bit
Narrow klass base: 0x0000000000000000, Narrow klass shift: 3
Compressed class space size: 1073741824 Address: 0x0000000100000000

Heap:
 PSYoungGen      total 159232K, used 84964K [0x00000000eb380000, 0x00000000f6000000, 0x0000000100000000)
  eden space 148480K, 49% used [0x00000000eb380000,0x00000000efbfe360,0x00000000f4480000)
  from space 10752K, 99% used [0x00000000f4480000,0x00000000f4efafa8,0x00000000f4f00000)
  to   space 11264K, 0% used [0x00000000f4f00000,0x00000000f4f00000,0x00000000f5a00000)
 ParOldGen       total 49152K, used 22879K [0x00000000c1a00000, 0x00000000c4a00000, 0x00000000eb380000)
  object space 49152K, 46% used [0x00000000c1a00000,0x00000000c3057e68,0x00000000c4a00000)
 Metaspace       used 55438K, capacity 57918K, committed 58024K, reserved 1099776K
  class space    used 7614K, capacity 8054K, committed 8104K, reserved 1048576K

Card table byte_map: [0x0000000011b90000,0x0000000011d90000] byte_map_base: 0x0000000011583000

Marking Bits: (ParMarkBitMap*) 0x000000006d70af90
 Begin Bits: [0x00000000122e0000, 0x0000000013278000)
 End Bits:   [0x0000000013278000, 0x0000000014210000)

Polling page: 0x0000000000900000

CodeCache: size=245760Kb used=17325Kb max_used=17616Kb free=228434Kb
 bounds [0x00000000027d0000, 0x0000000003920000, 0x00000000117d0000]
 total_blobs=5497 nmethods=4976 adapters=432
 compilation: enabled

Compilation events (10 events):
Event: 34.054 Thread 0x000000001660d000 nmethod 5769 0x00000000034f54d0 code [0x00000000034f59c0, 0x00000000034f94b8]
Event: 34.063 Thread 0x000000001660d000 5770       1       org.springframework.aop.support.DefaultPointcutAdvisor::getPointcut (5 bytes)
Event: 34.063 Thread 0x000000001660d000 nmethod 5770 0x00000000031e8450 code [0x00000000031e85a0, 0x00000000031e86b0]
Event: 34.068 Thread 0x000000001660d000 5771       3       org.springframework.beans.factory.support.DefaultListableBeanFactory::getBeanNamesForType (101 bytes)
Event: 34.069 Thread 0x000000001660d000 nmethod 5771 0x0000000002a3ce10 code [0x0000000002a3d020, 0x0000000002a3db08]
Event: 34.074 Thread 0x000000001660d000 5772       3       org.springframework.aop.framework.CglibAopProxy$ProxyCallbackFilter::accept (553 bytes)
Event: 34.082 Thread 0x000000001660d000 nmethod 5772 0x00000000032a0a90 code [0x00000000032a14c0, 0x00000000032a94e8]
Event: 34.082 Thread 0x000000001660d000 5775       3       org.springframework.asm.Frame::accept (264 bytes)
Event: 34.083 Thread 0x000000001660d000 nmethod 5775 0x0000000002a8c690 code [0x0000000002a8c880, 0x0000000002a8d3b8]
Event: 34.083 Thread 0x000000001660d000 5773       3       org.springframework.aop.support.AopUtils::isFinalizeMethod (29 bytes)

GC Heap History (10 events):
Event: 18.050 GC heap before
{Heap before GC invocations=9 (full 1):
 PSYoungGen      total 72192K, used 69588K [0x00000000eb380000, 0x00000000f2b80000, 0x0000000100000000)
  eden space 65024K, 100% used [0x00000000eb380000,0x00000000ef300000,0x00000000ef300000)
  from space 7168K, 63% used [0x00000000ef300000,0x00000000ef775188,0x00000000efa00000)
  to   space 6656K, 0% used [0x00000000f2500000,0x00000000f2500000,0x00000000f2b80000)
 ParOldGen       total 32768K, used 6786K [0x00000000c1a00000, 0x00000000c3a00000, 0x00000000eb380000)
  object space 32768K, 20% used [0x00000000c1a00000,0x00000000c20a0820,0x00000000c3a00000)
 Metaspace       used 27658K, capacity 28714K, committed 29056K, reserved 1075200K
  class space    used 3643K, capacity 3896K, committed 3968K, reserved 1048576K
Event: 18.065 GC heap after
Heap after GC invocations=9 (full 1):
 PSYoungGen      total 113152K, used 6632K [0x00000000eb380000, 0x00000000f2c80000, 0x0000000100000000)
  eden space 106496K, 0% used [0x00000000eb380000,0x00000000eb380000,0x00000000f1b80000)
  from space 6656K, 99% used [0x00000000f2500000,0x00000000f2b7a2e0,0x00000000f2b80000)
  to   space 8704K, 0% used [0x00000000f1b80000,0x00000000f1b80000,0x00000000f2400000)
 ParOldGen       total 32768K, used 9190K [0x00000000c1a00000, 0x00000000c3a00000, 0x00000000eb380000)
  object space 32768K, 28% used [0x00000000c1a00000,0x00000000c22f9800,0x00000000c3a00000)
 Metaspace       used 27658K, capacity 28714K, committed 29056K, reserved 1075200K
  class space    used 3643K, capacity 3896K, committed 3968K, reserved 1048576K
}
Event: 23.294 GC heap before
{Heap before GC invocations=10 (full 1):
 PSYoungGen      total 113152K, used 113128K [0x00000000eb380000, 0x00000000f2c80000, 0x0000000100000000)
  eden space 106496K, 100% used [0x00000000eb380000,0x00000000f1b80000,0x00000000f1b80000)
  from space 6656K, 99% used [0x00000000f2500000,0x00000000f2b7a2e0,0x00000000f2b80000)
  to   space 8704K, 0% used [0x00000000f1b80000,0x00000000f1b80000,0x00000000f2400000)
 ParOldGen       total 32768K, used 9190K [0x00000000c1a00000, 0x00000000c3a00000, 0x00000000eb380000)
  object space 32768K, 28% used [0x00000000c1a00000,0x00000000c22f9800,0x00000000c3a00000)
 Metaspace       used 33233K, capacity 34844K, committed 34944K, reserved 1079296K
  class space    used 4343K, capacity 4661K, committed 4736K, reserved 1048576K
Event: 23.361 GC heap after
Heap after GC invocations=10 (full 1):
 PSYoungGen      total 115200K, used 8693K [0x00000000eb380000, 0x00000000f5a00000, 0x0000000100000000)
  eden space 106496K, 0% used [0x00000000eb380000,0x00000000eb380000,0x00000000f1b80000)
  from space 8704K, 99% used [0x00000000f1b80000,0x00000000f23fd5a0,0x00000000f2400000)
  to   space 11264K, 0% used [0x00000000f4f00000,0x00000000f4f00000,0x00000000f5a00000)
 ParOldGen       total 32768K, used 12902K [0x00000000c1a00000, 0x00000000c3a00000, 0x00000000eb380000)
  object space 32768K, 39% used [0x00000000c1a00000,0x00000000c26998f0,0x00000000c3a00000)
 Metaspace       used 33233K, capacity 34844K, committed 34944K, reserved 1079296K
  class space    used 4343K, capacity 4661K, committed 4736K, reserved 1048576K
}
Event: 24.782 GC heap before
{Heap before GC invocations=11 (full 1):
 PSYoungGen      total 115200K, used 33708K [0x00000000eb380000, 0x00000000f5a00000, 0x0000000100000000)
  eden space 106496K, 23% used [0x00000000eb380000,0x00000000ecbedcf8,0x00000000f1b80000)
  from space 8704K, 99% used [0x00000000f1b80000,0x00000000f23fd5a0,0x00000000f2400000)
  to   space 11264K, 0% used [0x00000000f4f00000,0x00000000f4f00000,0x00000000f5a00000)
 ParOldGen       total 32768K, used 12902K [0x00000000c1a00000, 0x00000000c3a00000, 0x00000000eb380000)
  object space 32768K, 39% used [0x00000000c1a00000,0x00000000c26998f0,0x00000000c3a00000)
 Metaspace       used 33836K, capacity 35460K, committed 35496K, reserved 1079296K
  class space    used 4434K, capacity 4751K, committed 4776K, reserved 1048576K
Event: 24.843 GC heap after
Heap after GC invocations=11 (full 1):
 PSYoungGen      total 159744K, used 5094K [0x00000000eb380000, 0x00000000f6000000, 0x0000000100000000)
  eden space 148480K, 0% used [0x00000000eb380000,0x00000000eb380000,0x00000000f4480000)
  from space 11264K, 45% used [0x00000000f4f00000,0x00000000f53f9ab8,0x00000000f5a00000)
  to   space 10752K, 0% used [0x00000000f4480000,0x00000000f4480000,0x00000000f4f00000)
 ParOldGen       total 32768K, used 17899K [0x00000000c1a00000, 0x00000000c3a00000, 0x00000000eb380000)
  object space 32768K, 54% used [0x00000000c1a00000,0x00000000c2b7aec0,0x00000000c3a00000)
 Metaspace       used 33836K, capacity 35460K, committed 35496K, reserved 1079296K
  class space    used 4434K, capacity 4751K, committed 4776K, reserved 1048576K
}
Event: 24.855 GC heap before
{Heap before GC invocations=12 (full 2):
 PSYoungGen      total 159744K, used 5094K [0x00000000eb380000, 0x00000000f6000000, 0x0000000100000000)
  eden space 148480K, 0% used [0x00000000eb380000,0x00000000eb380000,0x00000000f4480000)
  from space 11264K, 45% used [0x00000000f4f00000,0x00000000f53f9ab8,0x00000000f5a00000)
  to   space 10752K, 0% used [0x00000000f4480000,0x00000000f4480000,0x00000000f4f00000)
 ParOldGen       total 32768K, used 17899K [0x00000000c1a00000, 0x00000000c3a00000, 0x00000000eb380000)
  object space 32768K, 54% used [0x00000000c1a00000,0x00000000c2b7aec0,0x00000000c3a00000)
 Metaspace       used 33836K, capacity 35460K, committed 35496K, reserved 1079296K
  class space    used 4434K, capacity 4751K, committed 4776K, reserved 1048576K
Event: 25.008 GC heap after
Heap after GC invocations=12 (full 2):
 PSYoungGen      total 159744K, used 0K [0x00000000eb380000, 0x00000000f6000000, 0x0000000100000000)
  eden space 148480K, 0% used [0x00000000eb380000,0x00000000eb380000,0x00000000f4480000)
  from space 11264K, 0% used [0x00000000f4f00000,0x00000000f4f00000,0x00000000f5a00000)
  to   space 10752K, 0% used [0x00000000f4480000,0x00000000f4480000,0x00000000f4f00000)
 ParOldGen       total 49152K, used 15193K [0x00000000c1a00000, 0x00000000c4a00000, 0x00000000eb380000)
  object space 49152K, 30% used [0x00000000c1a00000,0x00000000c28d6430,0x00000000c4a00000)
 Metaspace       used 33836K, capacity 35460K, committed 35496K, reserved 1079296K
  class space    used 4434K, capacity 4751K, committed 4776K, reserved 1048576K
}
Event: 29.998 GC heap before
{Heap before GC invocations=13 (full 2):
 PSYoungGen      total 159744K, used 148480K [0x00000000eb380000, 0x00000000f6000000, 0x0000000100000000)
  eden space 148480K, 100% used [0x00000000eb380000,0x00000000f4480000,0x00000000f4480000)
  from space 11264K, 0% used [0x00000000f4f00000,0x00000000f4f00000,0x00000000f5a00000)
  to   space 10752K, 0% used [0x00000000f4480000,0x00000000f4480000,0x00000000f4f00000)
 ParOldGen       total 49152K, used 15193K [0x00000000c1a00000, 0x00000000c4a00000, 0x00000000eb380000)
  object space 49152K, 30% used [0x00000000c1a00000,0x00000000c28d6430,0x00000000c4a00000)
 Metaspace       used 49302K, capacity 51220K, committed 51496K, reserved 1093632K
  class space    used 6779K, capacity 7145K, committed 7208K, reserved 1048576K
Event: 30.023 GC heap after
Heap after GC invocations=13 (full 2):
 PSYoungGen      total 159232K, used 10731K [0x00000000eb380000, 0x00000000f6000000, 0x0000000100000000)
  eden space 148480K, 0% used [0x00000000eb380000,0x00000000eb380000,0x00000000f4480000)
  from space 10752K, 99% used [0x00000000f4480000,0x00000000f4efafa8,0x00000000f4f00000)
  to   space 11264K, 0% used [0x00000000f4f00000,0x00000000f4f00000,0x00000000f5a00000)
 ParOldGen       total 49152K, used 22879K [0x00000000c1a00000, 0x00000000c4a00000, 0x00000000eb380000)
  object space 49152K, 46% used [0x00000000c1a00000,0x00000000c3057e68,0x00000000c4a00000)
 Metaspace       used 49302K, capacity 51220K, committed 51496K, reserved 1093632K
  class space    used 6779K, capacity 7145K, committed 7208K, reserved 1048576K
}

Deoptimization events (10 events):
Event: 33.096 Thread 0x0000000002614800 Uncommon trap: reason=class_check action=maybe_recompile pc=0x0000000002a610b8 method=org.springframework.beans.factory.support.AbstractBeanFactory.isTypeMatch(Ljava/lang/String;Lorg/springframework/core/ResolvableType;)Z @ 47
Event: 33.173 Thread 0x0000000002614800 Uncommon trap: reason=class_check action=maybe_recompile pc=0x0000000003332534 method=org.springframework.core.annotation.AnnotationUtils.getDeclaredAnnotations(Ljava/lang/reflect/AnnotatedElement;)[Ljava/lang/annotation/Annotation; @ 33
Event: 33.193 Thread 0x0000000002614800 Uncommon trap: reason=unstable_if action=reinterpret pc=0x0000000002bf61e8 method=java.util.HashMap.putVal(ILjava/lang/Object;Ljava/lang/Object;ZZ)Ljava/lang/Object; @ 109
Event: 33.327 Thread 0x0000000002614800 Uncommon trap: reason=bimorphic action=maybe_recompile pc=0x0000000002ebe6bc method=java.util.Hashtable.get(Ljava/lang/Object;)Ljava/lang/Object; @ 6
Event: 33.327 Thread 0x0000000002614800 Uncommon trap: reason=bimorphic action=maybe_recompile pc=0x0000000002ebe6bc method=java.util.Hashtable.get(Ljava/lang/Object;)Ljava/lang/Object; @ 6
Event: 33.595 Thread 0x0000000002614800 Uncommon trap: reason=unstable_if action=reinterpret pc=0x0000000002ca30d0 method=java.util.HashMap.resize()[Ljava/util/HashMap$Node; @ 206
Event: 33.814 Thread 0x0000000002614800 Uncommon trap: reason=unstable_if action=reinterpret pc=0x0000000003855220 method=org.springframework.asm.MethodWriter.computeAllFrames()V @ 369
Event: 33.966 Thread 0x0000000002614800 Uncommon trap: reason=unstable_if action=reinterpret pc=0x0000000003871c98 method=sun.reflect.annotation.AnnotationInvocationHandler.equalsImpl(Ljava/lang/Object;)Ljava/lang/Boolean; @ 142
Event: 34.003 Thread 0x0000000002614800 Uncommon trap: reason=unstable_if action=reinterpret pc=0x00000000032da148 method=org.springframework.context.annotation.ConfigurationClassBeanDefinitionReader$ConfigurationClassBeanDefinition.isFactoryMethod(Ljava/lang/reflect/Method;)Z @ 12
Event: 34.074 Thread 0x0000000002614800 Uncommon trap: reason=unstable_if action=reinterpret pc=0x000000000339bf40 method=org.springframework.asm.Frame.accept(Lorg/springframework/asm/MethodWriter;)V @ 32

Classes redefined (0 events):
No events

Internal exceptions (10 events):
Event: 33.606 Thread 0x0000000002614800 Exception <a 'java/lang/ClassNotFoundException': java/lang/ObjectCustomizer> (0x00000000eeb0cc08) thrown at [C:\jenkins\workspace\8-2-build-windows-amd64-cygwin\jdk8u251\737\hotspot\src\share\vm\classfile\systemDictionary.cpp, line 210]
Event: 33.607 Thread 0x0000000002614800 Exception <a 'java/lang/ClassNotFoundException': com/api/model/audit/AuditCustomizer> (0x00000000eeb1fe88) thrown at [C:\jenkins\workspace\8-2-build-windows-amd64-cygwin\jdk8u251\737\hotspot\src\share\vm\classfile\systemDictionary.cpp, line 210]
Event: 33.607 Thread 0x0000000002614800 Exception <a 'java/lang/ClassNotFoundException': com/api/project_cov/io/entity/TestResultEntityCustomizer> (0x00000000eeb3c560) thrown at [C:\jenkins\workspace\8-2-build-windows-amd64-cygwin\jdk8u251\737\hotspot\src\share\vm\classfile\systemDictionary.cpp
Event: 33.649 Thread 0x0000000002614800 Exception <a 'java/lang/ClassNotFoundException': java/lang/ObjectCustomizer> (0x00000000eed34ce8) thrown at [C:\jenkins\workspace\8-2-build-windows-amd64-cygwin\jdk8u251\737\hotspot\src\share\vm\classfile\systemDictionary.cpp, line 210]
Event: 33.649 Thread 0x0000000002614800 Exception <a 'java/lang/ClassNotFoundException': com/api/model/audit/AuditCustomizer> (0x00000000eed47f68) thrown at [C:\jenkins\workspace\8-2-build-windows-amd64-cygwin\jdk8u251\737\hotspot\src\share\vm\classfile\systemDictionary.cpp, line 210]
Event: 33.651 Thread 0x0000000002614800 Exception <a 'java/lang/ClassNotFoundException': com/api/project_cov/io/entity/TestKitEntityCustomizer> (0x00000000eed63c68) thrown at [C:\jenkins\workspace\8-2-build-windows-amd64-cygwin\jdk8u251\737\hotspot\src\share\vm\classfile\systemDictionary.cpp, l
Event: 33.700 Thread 0x0000000002614800 Exception <a 'java/lang/ClassNotFoundException': java/lang/ObjectCustomizer> (0x00000000eef599e8) thrown at [C:\jenkins\workspace\8-2-build-windows-amd64-cygwin\jdk8u251\737\hotspot\src\share\vm\classfile\systemDictionary.cpp, line 210]
Event: 33.703 Thread 0x0000000002614800 Exception <a 'java/lang/ClassNotFoundException': com/api/model/audit/AuditCustomizer> (0x00000000eef6cde0) thrown at [C:\jenkins\workspace\8-2-build-windows-amd64-cygwin\jdk8u251\737\hotspot\src\share\vm\classfile\systemDictionary.cpp, line 210]
Event: 33.704 Thread 0x0000000002614800 Exception <a 'java/lang/ClassNotFoundException': com/api/project_cov/io/entity/ResultEntityCustomizer> (0x00000000eef885a0) thrown at [C:\jenkins\workspace\8-2-build-windows-amd64-cygwin\jdk8u251\737\hotspot\src\share\vm\classfile\systemDictionary.cpp, li
Event: 34.003 Thread 0x0000000002614800 Implicit null exception at 0x00000000032da060 to 0x00000000032da139

Events (10 events):
Event: 34.013 loading class com/api/user_management/shared/dto/UserDto done
Event: 34.017 loading class com/api/user_management/ui/model/request/UploadProfileRequestModel
Event: 34.017 loading class com/api/user_management/ui/model/request/UploadProfileRequestModel done
Event: 34.051 loading class com/api/user_management/ui/model/response/OperationStatusModel
Event: 34.051 loading class com/api/user_management/ui/model/response/OperationStatusModel done
Event: 34.064 loading class com/api/user_management/ui/model/request/AddRoleRequestModel
Event: 34.064 loading class com/api/user_management/ui/model/request/AddRoleRequestModel done
Event: 34.074 Thread 0x0000000002614800 Uncommon trap: trap_request=0xffffff65 fr.pc=0x000000000339bf40
Event: 34.074 Thread 0x0000000002614800 DEOPT PACKING pc=0x000000000339bf40 sp=0x0000000000e1dab0
Event: 34.074 Thread 0x0000000002614800 DEOPT UNPACKING pc=0x000000000281583b sp=0x0000000000e1da48 mode 2


Dynamic libraries:
0x00007ff7e16f0000 - 0x00007ff7e1727000 	C:\Program Files\Java\jre1.8.0_251\bin\javaw.exe
0x00007ff9eec60000 - 0x00007ff9eee50000 	C:\Windows\SYSTEM32\ntdll.dll
0x00007ff9ee040000 - 0x00007ff9ee0f2000 	C:\Windows\System32\KERNEL32.DLL
0x00007ff9ec3c0000 - 0x00007ff9ec664000 	C:\Windows\System32\KERNELBASE.dll
0x00007ff9ee100000 - 0x00007ff9ee1a3000 	C:\Windows\System32\ADVAPI32.dll
0x00007ff9ee230000 - 0x00007ff9ee2ce000 	C:\Windows\System32\msvcrt.dll
0x00007ff9ed050000 - 0x00007ff9ed0e7000 	C:\Windows\System32\sechost.dll
0x00007ff9ecf30000 - 0x00007ff9ed050000 	C:\Windows\System32\RPCRT4.dll
0x00007ff9ed7b0000 - 0x00007ff9ed944000 	C:\Windows\System32\USER32.dll
0x00007ff9ec990000 - 0x00007ff9ec9b1000 	C:\Windows\System32\win32u.dll
0x00007ff9eebf0000 - 0x00007ff9eec16000 	C:\Windows\System32\GDI32.dll
0x00007ff9ec9c0000 - 0x00007ff9ecb55000 	C:\Windows\System32\gdi32full.dll
0x00007ff9ecb60000 - 0x00007ff9ecbfe000 	C:\Windows\System32\msvcp_win.dll
0x00007ff9ec870000 - 0x00007ff9ec96a000 	C:\Windows\System32\ucrtbase.dll
0x00007ff9df040000 - 0x00007ff9df2c4000 	C:\Windows\WinSxS\amd64_microsoft.windows.common-controls_6595b64144ccf1df_6.0.18362.900_none_e6beb9d913147d17\COMCTL32.dll
0x00007ff9ed1c0000 - 0x00007ff9ed4f5000 	C:\Windows\System32\combase.dll
0x00007ff9ec6a0000 - 0x00007ff9ec720000 	C:\Windows\System32\bcryptPrimitives.dll
0x00007ff9eeaf0000 - 0x00007ff9eeb1e000 	C:\Windows\System32\IMM32.DLL
0x000000006ce00000 - 0x000000006ced2000 	C:\Program Files\Java\jre1.8.0_251\bin\msvcr100.dll
0x000000006cee0000 - 0x000000006d78b000 	C:\Program Files\Java\jre1.8.0_251\bin\server\jvm.dll
0x00007ff9ed660000 - 0x00007ff9ed668000 	C:\Windows\System32\PSAPI.DLL
0x00007ff9dce40000 - 0x00007ff9dce49000 	C:\Windows\SYSTEM32\WSOCK32.dll
0x00007ff9edf70000 - 0x00007ff9edfdf000 	C:\Windows\System32\WS2_32.dll
0x00007ff9e9a80000 - 0x00007ff9e9aa4000 	C:\Windows\SYSTEM32\WINMM.dll
0x00007ff9df950000 - 0x00007ff9df95a000 	C:\Windows\SYSTEM32\VERSION.dll
0x00007ff9e9600000 - 0x00007ff9e962d000 	C:\Windows\SYSTEM32\WINMMBASE.dll
0x00007ff9ebbf0000 - 0x00007ff9ebc3a000 	C:\Windows\System32\cfgmgr32.dll
0x00007ff9e0420000 - 0x00007ff9e042f000 	C:\Program Files\Java\jre1.8.0_251\bin\verify.dll
0x00007ff9c94c0000 - 0x00007ff9c94e9000 	C:\Program Files\Java\jre1.8.0_251\bin\java.dll
0x00007ff9daeb0000 - 0x00007ff9daec6000 	C:\Program Files\Java\jre1.8.0_251\bin\zip.dll
0x00007ff9ee3a0000 - 0x00007ff9eea86000 	C:\Windows\System32\SHELL32.dll
0x00007ff9ed110000 - 0x00007ff9ed1b9000 	C:\Windows\System32\shcore.dll
0x00007ff9ebc40000 - 0x00007ff9ec3c0000 	C:\Windows\System32\windows.storage.dll
0x00007ff9ebb50000 - 0x00007ff9ebb73000 	C:\Windows\System32\profapi.dll
0x00007ff9ebba0000 - 0x00007ff9ebbea000 	C:\Windows\System32\powrprof.dll
0x00007ff9ebb20000 - 0x00007ff9ebb30000 	C:\Windows\System32\UMPDC.dll
0x00007ff9edfe0000 - 0x00007ff9ee032000 	C:\Windows\System32\shlwapi.dll
0x00007ff9ebb30000 - 0x00007ff9ebb41000 	C:\Windows\System32\kernel.appcore.dll
0x00007ff9ec970000 - 0x00007ff9ec987000 	C:\Windows\System32\cryptsp.dll
0x00007ff9dba60000 - 0x00007ff9dba6d000 	C:\Program Files\Java\jre1.8.0_251\bin\management.dll
0x00007ff9da850000 - 0x00007ff9da86a000 	C:\Program Files\Java\jre1.8.0_251\bin\net.dll
0x00007ff9eb330000 - 0x00007ff9eb397000 	C:\Windows\system32\mswsock.dll
0x00007ff9da950000 - 0x00007ff9da966000 	C:\Windows\system32\napinsp.dll
0x00007ff9da930000 - 0x00007ff9da94a000 	C:\Windows\system32\pnrpnsp.dll
0x00007ff9eb080000 - 0x00007ff9eb14b000 	C:\Windows\SYSTEM32\DNSAPI.dll
0x00007ff9ecf20000 - 0x00007ff9ecf28000 	C:\Windows\System32\NSI.dll
0x00007ff9eb040000 - 0x00007ff9eb07a000 	C:\Windows\SYSTEM32\IPHLPAPI.DLL
0x00007ff9da920000 - 0x00007ff9da92e000 	C:\Windows\System32\winrnr.dll
0x00007ff9e8370000 - 0x00007ff9e838c000 	C:\Windows\system32\NLAapi.dll
0x00007ff9da770000 - 0x00007ff9da785000 	C:\Windows\system32\wshbth.dll
0x00007ff9de580000 - 0x00007ff9de58a000 	C:\Windows\System32\rasadhlp.dll
0x00007ff9de970000 - 0x00007ff9de9e7000 	C:\Windows\System32\fwpuclnt.dll
0x00007ff9ec670000 - 0x00007ff9ec696000 	C:\Windows\System32\bcrypt.dll
0x00007ff9d7db0000 - 0x00007ff9d7dc2000 	C:\Program Files\Java\jre1.8.0_251\bin\nio.dll
0x00007ff9eaea0000 - 0x00007ff9eaed3000 	C:\Windows\system32\rsaenh.dll
0x00007ff9eba10000 - 0x00007ff9eba35000 	C:\Windows\SYSTEM32\USERENV.dll
0x00007ff9eb500000 - 0x00007ff9eb50c000 	C:\Windows\SYSTEM32\CRYPTBASE.dll
0x00007ff9de5b0000 - 0x00007ff9de5c6000 	C:\Windows\SYSTEM32\dhcpcsvc6.DLL
0x00007ff9de590000 - 0x00007ff9de5ac000 	C:\Windows\SYSTEM32\dhcpcsvc.DLL

VM Arguments:
jvm_args: -Dfile.encoding=UTF-8 
java_command: com.api.ProjectCovApplication
java_class_path (initial): C:\Users\medco\git\project-cov-backend\target\classes;C:\Users\medco\.m2\repository\org\springframework\boot\spring-boot-starter-data-jpa\2.1.6.RELEASE\spring-boot-starter-data-jpa-2.1.6.RELEASE.jar;C:\Users\medco\.m2\repository\org\springframework\boot\spring-boot-starter-aop\2.1.6.RELEASE\spring-boot-starter-aop-2.1.6.RELEASE.jar;C:\Users\medco\.m2\repository\org\aspectj\aspectjweaver\1.9.4\aspectjweaver-1.9.4.jar;C:\Users\medco\.m2\repository\org\springframework\boot\spring-boot-starter-jdbc\2.1.6.RELEASE\spring-boot-starter-jdbc-2.1.6.RELEASE.jar;C:\Users\medco\.m2\repository\com\zaxxer\HikariCP\3.2.0\HikariCP-3.2.0.jar;C:\Users\medco\.m2\repository\org\springframework\spring-jdbc\5.1.8.RELEASE\spring-jdbc-5.1.8.RELEASE.jar;C:\Users\medco\.m2\repository\javax\transaction\javax.transaction-api\1.3\javax.transaction-api-1.3.jar;C:\Users\medco\.m2\repository\javax\xml\bind\jaxb-api\2.3.1\jaxb-api-2.3.1.jar;C:\Users\medco\.m2\repository\javax\activation\javax.activation-api\1.2.0\javax.activation-api-1.2.0.jar;C:\Users\medco\.m2\repository\org\hibernate\hibernate-core\5.3.10.Final\hibernate-core-5.3.10.Final.jar;C:\Users\medco\.m2\repository\org\javassist\javassist\3.23.2-GA\javassist-3.23.2-GA.jar;C:\Users\medco\.m2\repository\antlr\antlr\2.7.7\antlr-2.7.7.jar;C:\Users\medco\.m2\repository\org\jboss\jandex\2.0.5.Final\jandex-2.0.5.Final.jar;C:\Users\medco\.m2\repository\com\fasterxml\classmate\1.4.0\classmate-1.4.0.jar;C:\Users\medco\.m2\repository\org\springframework\data\spring-data-jpa\2.1.9.RELEASE\spring-data-jpa-2.1.9.RELEASE.jar;C:\Users\medco\.m2\repository\org\springframework\data\spring-data-commons\2.1.9.RELEASE\spring-data-commons-2.1.9.RELEASE.jar;C:\Users\medco\.m2\repository\org\springframework\spring-orm\5.1.8.RELEASE\spring-orm-5.1.8.RELEASE.jar;C:\Users\medco\.m2\repository\org\springframework\spring-context\5.1.8.RELEASE\spring-context-5.1.8.RELEASE.jar;C:\Users\medco\.m2\repository\org\springframework\spring-tx\5.1.8
Launcher Type: SUN_STANDARD

Environment Variables:
JAVA_HOME=C:\Program Files\Java\jdk1.8.0_251
PATH=C:/Program Files/Java/jre1.8.0_251/bin/server;C:/Program Files/Java/jre1.8.0_251/bin;C:/Program Files/Java/jre1.8.0_251/lib/amd64;C:\Program Files (x86)\Common Files\Oracle\Java\javapath;C:\Windows\system32;C:\Windows;C:\Windows\System32\Wbem;C:\Windows\System32\WindowsPowerShell\v1.0\;C:\Windows\System32\OpenSSH\;C:\Program Files (x86)\Java\jre6;C:\Program Files\apache-maven-3.6.3-bin\apache-maven-3.6.3\bin;C:\Program Files\Git\cmd;C:\flutter\flutter\bin;C:\Program Files\nodejs\;C:\Users\medco\AppData\Local\Microsoft\WindowsApps;C:\Users\medco\AppData\Local\Programs\Microsoft VS Code\bin;C:\Program Files\MySQL\MySQL Server 5.6\bin;C:\flutter\bin;C:\flutter\flutter\bin;C:\Users\medco\AppData\Roaming\npm;C:\Windows\system32;
USERNAME=medco
OS=Windows_NT
PROCESSOR_IDENTIFIER=Intel64 Family 6 Model 61 Stepping 4, GenuineIntel



---------------  S Y S T E M  ---------------

OS: Windows 10.0 , 64 bit Build 18362 (10.0.18362.900)

CPU:total 4 (initial active 4) (2 cores per cpu, 2 threads per core) family 6 model 61 stepping 4, cmov, cx8, fxsr, mmx, sse, sse2, sse3, ssse3, sse4.1, sse4.2, popcnt, avx, avx2, aes, clmul, erms, rtm, 3dnowpref, lzcnt, ht, tsc, tscinvbit, bmi1, bmi2, adx

Memory: 4k page, physical 4080064k(232036k free), swap 16662976k(6392k free)

vm_info: Java HotSpot(TM) 64-Bit Server VM (25.251-b08) for windows-amd64 JRE (1.8.0_251-b08), built on Mar 12 2020 06:31:49 by "" with MS VC++ 10.0 (VS2010)

time: Thu Jul 30 16:40:17 2020
timezone: E. Africa Standard Time
elapsed time: 34 seconds (0d 0h 0m 34s)

